<?xml version="1.0" encoding="UTF-8"?>
<testng-results ignored="0" total="2" passed="2" failed="0" skipped="0">
  <reporter-output>
  </reporter-output>
  <suite started-at="2022-02-02T12:44:24Z" name="Suite" finished-at="2022-02-02T12:45:28Z" duration-ms="63359">
    <groups>
    </groups>
    <test started-at="2022-02-02T12:44:24Z" name="ChromeTest" finished-at="2022-02-02T12:45:28Z" duration-ms="63359">
      <class name="test.TestNGClass">
        <test-method is-config="true" signature="launchBrowser(java.lang.String)[pri:0, instance:test.TestNGClass@35dab4eb]" started-at="2022-02-02T12:44:24Z" name="launchBrowser" finished-at="2022-02-02T12:44:27Z" duration-ms="2813" status="PASS">
          <params>
            <param index="0">
              <value>
                <![CDATA[chrome]]>
              </value>
            </param>
          </params>
          <reporter-output>
          </reporter-output>
        </test-method> <!-- launchBrowser -->
        <test-method is-config="true" signature="initializePomClasses()[pri:0, instance:test.TestNGClass@35dab4eb]" started-at="2022-02-02T12:44:27Z" name="initializePomClasses" finished-at="2022-02-02T12:44:27Z" duration-ms="49" status="PASS">
          <reporter-output>
          </reporter-output>
        </test-method> <!-- initializePomClasses -->
        <test-method is-config="true" signature="loginFlipkart()[pri:0, instance:test.TestNGClass@35dab4eb]" started-at="2022-02-02T12:44:27Z" name="loginFlipkart" finished-at="2022-02-02T12:44:35Z" duration-ms="8019" status="PASS">
          <reporter-output>
          </reporter-output>
        </test-method> <!-- loginFlipkart -->
        <test-method signature="clickonelectronics()[pri:0, instance:test.TestNGClass@35dab4eb]" started-at="2022-02-02T12:44:35Z" name="clickonelectronics" finished-at="2022-02-02T12:44:47Z" duration-ms="11544" status="PASS">
          <reporter-output>
          </reporter-output>
        </test-method> <!-- clickonelectronics -->
        <test-method is-config="true" signature="clickonlogoutbutton()[pri:0, instance:test.TestNGClass@35dab4eb]" started-at="2022-02-02T12:44:47Z" name="clickonlogoutbutton" finished-at="2022-02-02T12:45:02Z" duration-ms="14979" status="PASS">
          <reporter-output>
          </reporter-output>
        </test-method> <!-- clickonlogoutbutton -->
        <test-method is-config="true" signature="loginFlipkart()[pri:0, instance:test.TestNGClass@35dab4eb]" started-at="2022-02-02T12:45:02Z" name="loginFlipkart" finished-at="2022-02-02T12:45:04Z" duration-ms="2024" status="PASS">
          <reporter-output>
          </reporter-output>
        </test-method> <!-- loginFlipkart -->
        <test-method signature="clickontravel()[pri:0, instance:test.TestNGClass@35dab4eb]" started-at="2022-02-02T12:45:04Z" name="clickontravel" finished-at="2022-02-02T12:45:12Z" duration-ms="8461" status="PASS">
          <reporter-output>
          </reporter-output>
        </test-method> <!-- clickontravel -->
        <test-method is-config="true" signature="clickonlogoutbutton()[pri:0, instance:test.TestNGClass@35dab4eb]" started-at="2022-02-02T12:45:12Z" name="clickonlogoutbutton" finished-at="2022-02-02T12:45:27Z" duration-ms="14926" status="PASS">
          <reporter-output>
          </reporter-output>
        </test-method> <!-- clickonlogoutbutton -->
        <test-method is-config="true" signature="ClearObjects()[pri:0, instance:test.TestNGClass@35dab4eb]" started-at="2022-02-02T12:45:27Z" name="ClearObjects" finished-at="2022-02-02T12:45:27Z" duration-ms="0" status="PASS">
          <reporter-output>
          </reporter-output>
        </test-method> <!-- ClearObjects -->
        <test-method is-config="true" signature="closeBrowser()[pri:0, instance:test.TestNGClass@35dab4eb]" started-at="2022-02-02T12:45:27Z" name="closeBrowser" finished-at="2022-02-02T12:45:28Z" duration-ms="508" status="PASS">
          <reporter-output>
          </reporter-output>
        </test-method> <!-- closeBrowser -->
      </class> <!-- test.TestNGClass -->
    </test> <!-- ChromeTest -->
  </suite> <!-- Suite -->
</testng-results>
